Running: C:\Xilinx\14.4\ISE_DS\ISE\bin\nt64\unwrapped\fuse.exe -intstyle ise -incremental -lib secureip -o E:/Xilinx/Multiplier32x32/Multiplier32x32_isim_beh.exe -prj E:/Xilinx/Multiplier32x32/Multiplier32x32_beh.prj work.Multiplier32x32 
ISim P.49d (signature 0x7708f090)
Number of CPUs detected in this system: 4
Turning on mult-threading, number of parallel sub-compilation jobs: 8 
Determining compilation order of HDL files
Parsing VHDL file "E:/Xilinx/Multiplier32x32/Multiplier32x32.vhd" into library work
Starting static elaboration
Completed static elaboration
Compiling package standard
Compiling package std_logic_1164
Compiling package std_logic_arith
Compiling package std_logic_unsigned
Compiling package numeric_std
Compiling architecture behavioral of entity multiplier32x32
Time Resolution for simulation is 1ps.
Waiting for 1 sub-compilation(s) to finish...
Compiled 6 VHDL Units
Built simulation executable E:/Xilinx/Multiplier32x32/Multiplier32x32_isim_beh.exe
Fuse Memory Usage: 36864 KB
Fuse CPU Usage: 828 ms
